<?xml version="1.0" encoding="UTF-8"?>
<testsuite name="br.com.codenation.service.OrderServiceTest" tests="4" skipped="0" failures="0" errors="0" timestamp="2020-05-17T20:46:30" hostname="Tati-Note" time="0.029">
  <properties/>
  <testcase name="testCalculateMultipleOrders" classname="br.com.codenation.service.OrderServiceTest" time="0.026"/>
  <testcase name="testGroupProducts" classname="br.com.codenation.service.OrderServiceTest" time="0.001"/>
  <testcase name="testFindProductsById" classname="br.com.codenation.service.OrderServiceTest" time="0.001"/>
  <testcase name="testCalculateOrderValue" classname="br.com.codenation.service.OrderServiceTest" time="0.0"/>
  <system-out><![CDATA[]]></system-out>
  <system-err><![CDATA[]]></system-err>
</testsuite>
